Release 8.2i - xst I.31
Copyright (c) 1995-2006 Xilinx, Inc.  All rights reserved.
--> Parameter TMPDIR set to ./xst/projnav.tmp
CPU : 0.00 / 0.22 s | Elapsed : 0.00 / 0.00 s
 
--> Parameter xsthdpdir set to ./xst
CPU : 0.00 / 0.22 s | Elapsed : 0.00 / 0.00 s
 
--> Reading design: CONTADOR.prj

TABLE OF CONTENTS
  1) Synthesis Options Summary
  2) HDL Compilation
  3) Design Hierarchy Analysis
  4) HDL Analysis
  5) HDL Synthesis
     5.1) HDL Synthesis Report
  6) Advanced HDL Synthesis
     6.1) Advanced HDL Synthesis Report
  7) Low Level Synthesis
  8) Partition Report
  9) Final Report
     9.1) Device utilization summary
     9.2) TIMING REPORT


=========================================================================
*                      Synthesis Options Summary                        *
=========================================================================
---- Source Parameters
Input File Name                    : "CONTADOR.prj"
Input Format                       : mixed
Ignore Synthesis Constraint File   : NO

---- Target Parameters
Output File Name                   : "CONTADOR"
Output Format                      : NGC
Target Device                      : xc3s200-5-ft256

---- Source Options
Top Module Name                    : CONTADOR
Automatic FSM Extraction           : YES
FSM Encoding Algorithm             : Auto
FSM Style                          : lut
RAM Extraction                     : Yes
RAM Style                          : Auto
ROM Extraction                     : Yes
Mux Style                          : Auto
Decoder Extraction                 : YES
Priority Encoder Extraction        : YES
Shift Register Extraction          : YES
Logical Shifter Extraction         : YES
XOR Collapsing                     : YES
ROM Style                          : Auto
Mux Extraction                     : YES
Resource Sharing                   : YES
Multiplier Style                   : auto
Automatic Register Balancing       : No

---- Target Options
Add IO Buffers                     : YES
Global Maximum Fanout              : 500
Add Generic Clock Buffer(BUFG)     : 8
Register Duplication               : YES
Slice Packing                      : YES
Pack IO Registers into IOBs        : auto
Equivalent register Removal        : YES

---- General Options
Optimization Goal                  : Speed
Optimization Effort                : 1
Keep Hierarchy                     : NO
RTL Output                         : Yes
Global Optimization                : AllClockNets
Write Timing Constraints           : NO
Hierarchy Separator                : /
Bus Delimiter                      : <>
Case Specifier                     : maintain
Slice Utilization Ratio            : 100
Slice Utilization Ratio Delta      : 5

---- Other Options
lso                                : CONTADOR.lso
Read Cores                         : YES
cross_clock_analysis               : NO
verilog2001                        : YES
safe_implementation                : No
Optimize Instantiated Primitives   : NO
use_clock_enable                   : Yes
use_sync_set                       : Yes
use_sync_reset                     : Yes

=========================================================================


=========================================================================
*                          HDL Compilation                              *
=========================================================================
Compiling vhdl file "C:/Documents and Settings/CARLOS/Desktop/UPA/UPA/CONTADOR.vhd" in Library work.
Architecture behavioral of Entity contador is up to date.

=========================================================================
*                     Design Hierarchy Analysis                         *
=========================================================================
Analyzing hierarchy for entity <CONTADOR> in library <work> (architecture <behavioral>).

Building hierarchy successfully finished.

=========================================================================
*                            HDL Analysis                               *
=========================================================================
Analyzing Entity <CONTADOR> in library <work> (Architecture <behavioral>).
Entity <CONTADOR> analyzed. Unit <CONTADOR> generated.


=========================================================================
*                           HDL Synthesis                               *
=========================================================================

Performing bidirectional port resolution...

Synthesizing Unit <CONTADOR>.
    Related source file is "C:/Documents and Settings/CARLOS/Desktop/UPA/UPA/CONTADOR.vhd".
WARNING:Xst:647 - Input <INC> is never used.
    Found 3-bit up counter for signal <cuenta>.
    Summary:
	inferred   1 Counter(s).
Unit <CONTADOR> synthesized.


=========================================================================
HDL Synthesis Report

Macro Statistics
# Counters                                             : 1
 3-bit up counter                                      : 1

=========================================================================

=========================================================================
*                       Advanced HDL Synthesis                          *
=========================================================================

Loading device for application Rf_Device from file '3s200.nph' in environment C:\Xilinx.

=========================================================================
Advanced HDL Synthesis Report

Macro Statistics
# Counters                                             : 1
 3-bit up counter                                      : 1

=========================================================================

=========================================================================
*                         Low Level Synthesis                           *
=========================================================================

Optimizing unit <CONTADOR> ...

Mapping all equations...
Building and optimizing final netlist ...
Found area constraint ratio of 100 (+ 5) on block CONTADOR, actual ratio is 0.

Final Macro Processing ...

=========================================================================
Final Register Report

Macro Statistics
# Registers                                            : 3
 Flip-Flops                                            : 3

=========================================================================

=========================================================================
*                          Partition Report                             *
=========================================================================

Partition Implementation Status
-------------------------------

  No Partitions were found in this design.

-------------------------------

=========================================================================
*                            Final Report                               *
=========================================================================
Final Results
RTL Top Level Output File Name     : CONTADOR.ngr
Top Level Output File Name         : CONTADOR
Output Format                      : NGC
Optimization Goal                  : Speed
Keep Hierarchy                     : NO

Design Statistics
# IOs                              : 4

Cell Usage :
# BELS                             : 4
#      INV                         : 1
#      LUT2                        : 1
#      LUT3                        : 2
# FlipFlops/Latches                : 3
#      FDC                         : 3
# Clock Buffers                    : 1
#      BUFGP                       : 1
# IO Buffers                       : 2
#      IBUF                        : 1
#      OBUF                        : 1
=========================================================================

Device utilization summary:
---------------------------

Selected Device : 3s200ft256-5 

 Number of Slices:                       2  out of   1920     0%  
 Number of Slice Flip Flops:             3  out of   3840     0%  
 Number of 4 input LUTs:                 4  out of   3840     0%  
 Number of IOs:                          4
 Number of bonded IOBs:                  3  out of    173     1%  
 Number of GCLKs:                        1  out of      8    12%  


=========================================================================
TIMING REPORT

NOTE: THESE TIMING NUMBERS ARE ONLY A SYNTHESIS ESTIMATE.
      FOR ACCURATE TIMING INFORMATION PLEASE REFER TO THE TRACE REPORT
      GENERATED AFTER PLACE-and-ROUTE.

Clock Information:
------------------
-----------------------------------+------------------------+-------+
Clock Signal                       | Clock buffer(FF name)  | Load  |
-----------------------------------+------------------------+-------+
CLK                                | BUFGP                  | 3     |
-----------------------------------+------------------------+-------+

Asynchronous Control Signals Information:
----------------------------------------
-----------------------------------+------------------------+-------+
Control Signal                     | Buffer(FF name)        | Load  |
-----------------------------------+------------------------+-------+
RESET                              | IBUF                   | 3     |
-----------------------------------+------------------------+-------+

Timing Summary:
---------------
Speed Grade: -5

   Minimum period: 2.741ns (Maximum Frequency: 364.790MHz)
   Minimum input arrival time before clock: No path found
   Maximum output required time after clock: 7.761ns
   Maximum combinational path delay: No path found

Timing Detail:
--------------
All values displayed in nanoseconds (ns)

=========================================================================
Timing constraint: Default period analysis for Clock 'CLK'
  Clock period: 2.741ns (frequency: 364.790MHz)
  Total number of paths / destination ports: 6 / 3
-------------------------------------------------------------------------
Delay:               2.741ns (Levels of Logic = 1)
  Source:            cuenta_0 (FF)
  Destination:       cuenta_0 (FF)
  Source Clock:      CLK rising
  Destination Clock: CLK rising

  Data Path: cuenta_0 to cuenta_0
                                Gate     Net
    Cell:in->out      fanout   Delay   Delay  Logical Name (Net Name)
    ----------------------------------------  ------------
     FDC:C->Q              4   0.626   0.779  cuenta_0 (cuenta_0)
     INV:I->O              1   0.479   0.681  cuenta_Madd__add0000__not00001_INV_0 (cuenta__add0000<0>)
     FDC:D                     0.176          cuenta_0
    ----------------------------------------
    Total                      2.741ns (1.281ns logic, 1.460ns route)
                                       (46.7% logic, 53.3% route)

=========================================================================
Timing constraint: Default OFFSET OUT AFTER for Clock 'CLK'
  Total number of paths / destination ports: 3 / 1
-------------------------------------------------------------------------
Offset:              7.761ns (Levels of Logic = 2)
  Source:            cuenta_1 (FF)
  Destination:       FC (PAD)
  Source Clock:      CLK rising

  Data Path: cuenta_1 to FC
                                Gate     Net
    Cell:in->out      fanout   Delay   Delay  Logical Name (Net Name)
    ----------------------------------------  ------------
     FDC:C->Q              3   0.626   1.066  cuenta_1 (cuenta_1)
     LUT3:I0->O            1   0.479   0.681  FC1 (FC_OBUF)
     OBUF:I->O                 4.909          FC_OBUF (FC)
    ----------------------------------------
    Total                      7.761ns (6.014ns logic, 1.747ns route)
                                       (77.5% logic, 22.5% route)

=========================================================================
CPU : 5.55 / 5.80 s | Elapsed : 6.00 / 6.00 s
 
--> 

Total memory usage is 130296 kilobytes

Number of errors   :    0 (   0 filtered)
Number of warnings :    1 (   0 filtered)
Number of infos    :    0 (   0 filtered)

